<?xml version="1.0" encoding="UTF-8"?>
<testng-results skipped="0" failed="2" ignored="2" total="5" passed="1">
  <reporter-output>
    <line>
      <![CDATA[Title is matching: actiTIME - Enter Time-Track]]>
    </line>
    <line>
      <![CDATA[Title is not matchingactiTIME - Login]]>
    </line>
    <line>
      <![CDATA[Photo is taken: ./photo/22_09_17_16_39.png]]>
    </line>
    <line>
      <![CDATA[Number of rows3]]>
    </line>
    <line>
      <![CDATA[Element is present]]>
    </line>
    <line>
      <![CDATA[Element is present]]>
    </line>
    <line>
      <![CDATA[Element is present]]>
    </line>
    <line>
      <![CDATA[Photo is taken: ./photo/22_09_17_17_35.png]]>
    </line>
  </reporter-output>
  <suite name="Suite" duration-ms="146735" started-at="2017-09-22T01:45:09Z" finished-at="2017-09-22T01:47:36Z">
    <groups>
    </groups>
    <test name="Win8.1FireFoxTest" duration-ms="146735" started-at="2017-09-22T01:45:09Z" finished-at="2017-09-22T01:47:36Z">
      <class name="com.actitime.tests.ValidaLoginLogout">
        <test-method status="PASS" signature="openApp(java.lang.String, java.lang.String)[pri:0, instance:com.actitime.tests.ValidaLoginLogout@1d057a39]" name="openApp" is-config="true" duration-ms="67126" started-at="2017-09-22T07:15:09Z" finished-at="2017-09-22T07:16:16Z">
          <params>
            <param index="0">
              <value>
                <![CDATA[http://127.0.0.1:4444/wd/hub/]]>
              </value>
            </param>
            <param index="1">
              <value>
                <![CDATA[firefox]]>
              </value>
            </param>
          </params>
          <reporter-output>
          </reporter-output>
        </test-method> <!-- openApp -->
        <test-method status="FAIL" signature="testValidLoginLogout()[pri:1, instance:com.actitime.tests.ValidaLoginLogout@1d057a39]" name="testValidLoginLogout" duration-ms="22968" started-at="2017-09-22T07:16:16Z" finished-at="2017-09-22T07:16:39Z">
          <exception class="java.lang.AssertionError">
            <message>
              <![CDATA[null]]>
            </message>
            <full-stacktrace>
              <![CDATA[java.lang.AssertionError: null
	at org.testng.Assert.fail(Assert.java:93)
	at org.testng.Assert.fail(Assert.java:100)
	at generics.BasePage.verifyTitle(BasePage.java:28)
	at com.actitime.tests.ValidaLoginLogout.testValidLoginLogout(ValidaLoginLogout.java:40)
	at sun.reflect.NativeMethodAccessorImpl.invoke0(Native Method)
	at sun.reflect.NativeMethodAccessorImpl.invoke(Unknown Source)
	at sun.reflect.DelegatingMethodAccessorImpl.invoke(Unknown Source)
	at java.lang.reflect.Method.invoke(Unknown Source)
	at org.testng.internal.MethodInvocationHelper.invokeMethod(MethodInvocationHelper.java:108)
	at org.testng.internal.Invoker.invokeMethod(Invoker.java:661)
	at org.testng.internal.Invoker.invokeTestMethod(Invoker.java:869)
	at org.testng.internal.Invoker.invokeTestMethods(Invoker.java:1193)
	at org.testng.internal.TestMethodWorker.invokeTestMethods(TestMethodWorker.java:126)
	at org.testng.internal.TestMethodWorker.run(TestMethodWorker.java:109)
	at org.testng.TestRunner.privateRun(TestRunner.java:744)
	at org.testng.TestRunner.run(TestRunner.java:602)
	at org.testng.SuiteRunner.runTest(SuiteRunner.java:380)
	at org.testng.SuiteRunner.access$000(SuiteRunner.java:39)
	at org.testng.SuiteRunner$SuiteWorker.run(SuiteRunner.java:414)
	at org.testng.internal.thread.ThreadUtil$1.call(ThreadUtil.java:52)
	at java.util.concurrent.FutureTask.run(Unknown Source)
	at java.util.concurrent.ThreadPoolExecutor.runWorker(Unknown Source)
	at java.util.concurrent.ThreadPoolExecutor$Worker.run(Unknown Source)
	at java.lang.Thread.run(Unknown Source)
]]>
            </full-stacktrace>
          </exception> <!-- java.lang.AssertionError -->
          <reporter-output>
            <line>
              <![CDATA[Title is matching: actiTIME - Enter Time-Track]]>
            </line>
            <line>
              <![CDATA[Title is not matchingactiTIME - Login]]>
            </line>
            <line>
              <![CDATA[Photo is taken: ./photo/22_09_17_16_39.png]]>
            </line>
          </reporter-output>
        </test-method> <!-- testValidLoginLogout -->
        <test-method status="PASS" signature="closeApp()[pri:0, instance:com.actitime.tests.ValidaLoginLogout@1d057a39]" name="closeApp" is-config="true" duration-ms="2760" started-at="2017-09-22T07:16:40Z" finished-at="2017-09-22T07:16:43Z">
          <reporter-output>
          </reporter-output>
        </test-method> <!-- closeApp -->
      </class> <!-- com.actitime.tests.ValidaLoginLogout -->
      <class name="com.actitime.tests.VerifyVersion">
        <test-method status="PASS" signature="openApp(java.lang.String, java.lang.String)[pri:0, instance:com.actitime.tests.VerifyVersion@26be92ad]" name="openApp" is-config="true" duration-ms="14212" started-at="2017-09-22T07:17:07Z" finished-at="2017-09-22T07:17:21Z">
          <params>
            <param index="0">
              <value>
                <![CDATA[http://127.0.0.1:4444/wd/hub/]]>
              </value>
            </param>
            <param index="1">
              <value>
                <![CDATA[firefox]]>
              </value>
            </param>
          </params>
          <reporter-output>
          </reporter-output>
        </test-method> <!-- openApp -->
        <test-method status="FAIL" signature="testVerifyVersion()[pri:3, instance:com.actitime.tests.VerifyVersion@26be92ad]" name="testVerifyVersion" duration-ms="13313" started-at="2017-09-22T07:17:21Z" finished-at="2017-09-22T07:17:35Z">
          <exception class="org.openqa.selenium.NoSuchElementException">
            <message>
              <![CDATA[Unable to locate element: //div[@class='popup_menu_icon warning_icon']
For documentation on this error, please visit: http://seleniumhq.org/exceptions/no_such_element.html
Build info: version: '3.4.0', revision: 'unknown', time: 'unknown'
System info: host: 'SSVGC', ip: '192.168.233.1', os.name: 'Windows 8.1', os.arch: 'amd64', os.version: '6.3', java.version: '1.8.0_45'
Driver info: org.openqa.selenium.firefox.FirefoxDriver
Capabilities [{moz:profile=C:\Users\user\AppData\Local\Temp\rust_mozprofile.D4dWYAiLN381, rotatable=false, timeouts={implicit=0.0, pageLoad=300000.0, script=30000.0}, pageLoadStrategy=normal, platform=ANY, specificationLevel=0.0, moz:accessibilityChecks=false, acceptInsecureCerts=false, browserVersion=54.0, platformVersion=6.3, moz:processID=5088.0, browserName=firefox, javascriptEnabled=true, platformName=windows_nt}]
Session ID: 73b41229-33fb-4b5f-8544-8f3e87bace40
*** Element info: {Using=xpath, value=//div[@class='popup_menu_icon warning_icon']}
Command duration or timeout: 11.47 seconds]]>
            </message>
            <full-stacktrace>
              <![CDATA[org.openqa.selenium.NoSuchElementException: Unable to locate element: //div[@class='popup_menu_icon warning_icon']
For documentation on this error, please visit: http://seleniumhq.org/exceptions/no_such_element.html
Build info: version: '3.4.0', revision: 'unknown', time: 'unknown'
System info: host: 'SSVGC', ip: '192.168.233.1', os.name: 'Windows 8.1', os.arch: 'amd64', os.version: '6.3', java.version: '1.8.0_45'
Driver info: org.openqa.selenium.firefox.FirefoxDriver
Capabilities [{moz:profile=C:\Users\user\AppData\Local\Temp\rust_mozprofile.D4dWYAiLN381, rotatable=false, timeouts={implicit=0.0, pageLoad=300000.0, script=30000.0}, pageLoadStrategy=normal, platform=ANY, specificationLevel=0.0, moz:accessibilityChecks=false, acceptInsecureCerts=false, browserVersion=54.0, platformVersion=6.3, moz:processID=5088.0, browserName=firefox, javascriptEnabled=true, platformName=windows_nt}]
Session ID: 73b41229-33fb-4b5f-8544-8f3e87bace40
*** Element info: {Using=xpath, value=//div[@class='popup_menu_icon warning_icon']}
Command duration or timeout: 11.47 seconds
	at sun.reflect.NativeConstructorAccessorImpl.newInstance0(Native Method)
	at sun.reflect.NativeConstructorAccessorImpl.newInstance(Unknown Source)
	at sun.reflect.DelegatingConstructorAccessorImpl.newInstance(Unknown Source)
	at java.lang.reflect.Constructor.newInstance(Unknown Source)
	at org.openqa.selenium.remote.ErrorHandler.createThrowable(ErrorHandler.java:215)
	at org.openqa.selenium.remote.ErrorHandler.throwIfResponseFailed(ErrorHandler.java:167)
	at org.openqa.selenium.remote.RemoteWebDriver.execute(RemoteWebDriver.java:671)
	at org.openqa.selenium.remote.RemoteWebDriver.findElement(RemoteWebDriver.java:410)
	at org.openqa.selenium.remote.RemoteWebDriver.findElementByXPath(RemoteWebDriver.java:509)
	at org.openqa.selenium.By$ByXPath.findElement(By.java:361)
	at org.openqa.selenium.remote.RemoteWebDriver.findElement(RemoteWebDriver.java:402)
	at org.openqa.selenium.support.pagefactory.DefaultElementLocator.findElement(DefaultElementLocator.java:69)
	at org.openqa.selenium.support.pagefactory.internal.LocatingElementHandler.invoke(LocatingElementHandler.java:38)
	at com.sun.proxy.$Proxy10.click(Unknown Source)
	at com.actitime.pages.EnterTimeTrackPage.clickSettings(EnterTimeTrackPage.java:29)
	at com.actitime.tests.VerifyVersion.testVerifyVersion(VerifyVersion.java:45)
	at sun.reflect.NativeMethodAccessorImpl.invoke0(Native Method)
	at sun.reflect.NativeMethodAccessorImpl.invoke(Unknown Source)
	at sun.reflect.DelegatingMethodAccessorImpl.invoke(Unknown Source)
	at java.lang.reflect.Method.invoke(Unknown Source)
	at org.testng.internal.MethodInvocationHelper.invokeMethod(MethodInvocationHelper.java:108)
	at org.testng.internal.Invoker.invokeMethod(Invoker.java:661)
	at org.testng.internal.Invoker.invokeTestMethod(Invoker.java:869)
	at org.testng.internal.Invoker.invokeTestMethods(Invoker.java:1193)
	at org.testng.internal.TestMethodWorker.invokeTestMethods(TestMethodWorker.java:126)
	at org.testng.internal.TestMethodWorker.run(TestMethodWorker.java:109)
	at org.testng.TestRunner.privateRun(TestRunner.java:744)
	at org.testng.TestRunner.run(TestRunner.java:602)
	at org.testng.SuiteRunner.runTest(SuiteRunner.java:380)
	at org.testng.SuiteRunner.access$000(SuiteRunner.java:39)
	at org.testng.SuiteRunner$SuiteWorker.run(SuiteRunner.java:414)
	at org.testng.internal.thread.ThreadUtil$1.call(ThreadUtil.java:52)
	at java.util.concurrent.FutureTask.run(Unknown Source)
	at java.util.concurrent.ThreadPoolExecutor.runWorker(Unknown Source)
	at java.util.concurrent.ThreadPoolExecutor$Worker.run(Unknown Source)
	at java.lang.Thread.run(Unknown Source)
Caused by: org.openqa.selenium.remote.ScreenshotException: Screen shot has been taken
	at org.openqa.selenium.remote.ErrorHandler.throwIfResponseFailed(ErrorHandler.java:141)
	... 30 more
Caused by: org.openqa.selenium.NoSuchElementException: Unable to locate element: //div[@class='popup_menu_icon warning_icon']
For documentation on this error, please visit: http://seleniumhq.org/exceptions/no_such_element.html
Build info: version: '3.4.0', revision: 'unknown', time: 'unknown'
System info: host: 'SSVGC', ip: '192.168.233.1', os.name: 'Windows 8.1', os.arch: 'amd64', os.version: '6.3', java.version: '1.8.0_45'
Driver info: org.openqa.selenium.firefox.FirefoxDriver
Capabilities [{moz:profile=C:\Users\user\AppData\Local\Temp\rust_mozprofile.D4dWYAiLN381, rotatable=false, timeouts={implicit=0.0, pageLoad=300000.0, script=30000.0}, pageLoadStrategy=normal, platform=ANY, specificationLevel=0.0, moz:accessibilityChecks=false, acceptInsecureCerts=false, browserVersion=54.0, platformVersion=6.3, moz:processID=5088.0, browserName=firefox, javascriptEnabled=true, platformName=windows_nt}]
Session ID: 73b41229-33fb-4b5f-8544-8f3e87bace40
*** Element info: {Using=xpath, value=//div[@class='popup_menu_icon warning_icon']}
For documentation on this error, please visit: http://seleniumhq.org/exceptions/no_such_element.html
Build info: version: '3.4.0', revision: 'unknown', time: 'unknown'
System info: host: 'SSVGC', ip: '192.168.233.1', os.name: 'Windows 8.1', os.arch: 'amd64', os.version: '6.3', java.version: '1.8.0_45'
Driver info: driver.version: EventFiringWebDriver
	at sun.reflect.NativeConstructorAccessorImpl.newInstance0(Native Method)
	at sun.reflect.NativeConstructorAccessorImpl.newInstance(Unknown Source)
	at sun.reflect.DelegatingConstructorAccessorImpl.newInstance(Unknown Source)
	at java.lang.reflect.Constructor.newInstance(Unknown Source)
	at org.openqa.selenium.remote.http.W3CHttpResponseCodec.createException(W3CHttpResponseCodec.java:150)
	at org.openqa.selenium.remote.http.W3CHttpResponseCodec.decode(W3CHttpResponseCodec.java:115)
	at org.openqa.selenium.remote.http.W3CHttpResponseCodec.decode(W3CHttpResponseCodec.java:45)
	at org.openqa.selenium.remote.HttpCommandExecutor.execute(HttpCommandExecutor.java:164)
	at org.openqa.selenium.remote.service.DriverCommandExecutor.execute(DriverCommandExecutor.java:82)
	at org.openqa.selenium.remote.RemoteWebDriver.execute(RemoteWebDriver.java:637)
	at org.openqa.selenium.remote.RemoteWebDriver.findElement(RemoteWebDriver.java:410)
	at org.openqa.selenium.remote.RemoteWebDriver.findElementByXPath(RemoteWebDriver.java:509)
	at org.openqa.selenium.By$ByXPath.findElement(By.java:361)
	at org.openqa.selenium.remote.RemoteWebDriver.findElement(RemoteWebDriver.java:402)
	at sun.reflect.GeneratedMethodAccessor10.invoke(Unknown Source)
	at sun.reflect.DelegatingMethodAccessorImpl.invoke(Unknown Source)
	at java.lang.reflect.Method.invoke(Unknown Source)
	at org.openqa.selenium.support.events.EventFiringWebDriver$2.invoke(EventFiringWebDriver.java:104)
	at com.sun.proxy.$Proxy4.findElement(Unknown Source)
	at org.openqa.selenium.support.events.EventFiringWebDriver.findElement(EventFiringWebDriver.java:188)
	at org.openqa.selenium.remote.server.handler.FindElement.call(FindElement.java:48)
	at org.openqa.selenium.remote.server.handler.FindElement.call(FindElement.java:33)
	at java.util.concurrent.FutureTask.run(Unknown Source)
	at org.openqa.selenium.remote.server.DefaultSession$1.run(DefaultSession.java:176)
	... 3 more
]]>
            </full-stacktrace>
          </exception> <!-- org.openqa.selenium.NoSuchElementException -->
          <reporter-output>
            <line>
              <![CDATA[Photo is taken: ./photo/22_09_17_17_35.png]]>
            </line>
          </reporter-output>
        </test-method> <!-- testVerifyVersion -->
        <test-method status="PASS" signature="closeApp()[pri:0, instance:com.actitime.tests.VerifyVersion@26be92ad]" name="closeApp" is-config="true" duration-ms="889" started-at="2017-09-22T07:17:35Z" finished-at="2017-09-22T07:17:36Z">
          <reporter-output>
          </reporter-output>
        </test-method> <!-- closeApp -->
      </class> <!-- com.actitime.tests.VerifyVersion -->
      <class name="com.actitime.tests.InvalidLogin">
        <test-method status="PASS" signature="setDriverPath()[pri:0, instance:com.actitime.tests.InvalidLogin@4b9e13df]" name="setDriverPath" is-config="true" duration-ms="28" started-at="2017-09-22T07:15:09Z" finished-at="2017-09-22T07:15:09Z">
          <reporter-output>
          </reporter-output>
        </test-method> <!-- setDriverPath -->
        <test-method status="PASS" signature="openApp(java.lang.String, java.lang.String)[pri:0, instance:com.actitime.tests.InvalidLogin@4b9e13df]" name="openApp" is-config="true" duration-ms="14789" started-at="2017-09-22T07:16:43Z" finished-at="2017-09-22T07:16:57Z">
          <params>
            <param index="0">
              <value>
                <![CDATA[http://127.0.0.1:4444/wd/hub/]]>
              </value>
            </param>
            <param index="1">
              <value>
                <![CDATA[firefox]]>
              </value>
            </param>
          </params>
          <reporter-output>
          </reporter-output>
        </test-method> <!-- openApp -->
        <test-method status="PASS" signature="testInvalidLogin()[pri:2, instance:com.actitime.tests.InvalidLogin@4b9e13df]" name="testInvalidLogin" duration-ms="8839" started-at="2017-09-22T07:16:57Z" finished-at="2017-09-22T07:17:06Z">
          <reporter-output>
            <line>
              <![CDATA[Number of rows3]]>
            </line>
            <line>
              <![CDATA[Element is present]]>
            </line>
            <line>
              <![CDATA[Element is present]]>
            </line>
            <line>
              <![CDATA[Element is present]]>
            </line>
          </reporter-output>
        </test-method> <!-- testInvalidLogin -->
        <test-method status="PASS" signature="closeApp()[pri:0, instance:com.actitime.tests.InvalidLogin@4b9e13df]" name="closeApp" is-config="true" duration-ms="997" started-at="2017-09-22T07:17:06Z" finished-at="2017-09-22T07:17:07Z">
          <reporter-output>
          </reporter-output>
        </test-method> <!-- closeApp -->
      </class> <!-- com.actitime.tests.InvalidLogin -->
    </test> <!-- Win8.1FireFoxTest -->
  </suite> <!-- Suite -->
</testng-results>
